    Finished release [optimized] target(s) in 0.14s
     Running `target\release\gronk.exe`
[gronk\src\app\queue.rs:180] s = Song {
    number: 14,
    disc: 1,
    name: "Tongue",
    album: "Xen",
    artist: "Arca",
    path: "D:\\Music\\Arca\\Xen (Album)\\14 Tongue.flac",
    duration: 179.290566893s,
}
[gronk\src\app\queue.rs:180] song = Song {
    number: 14,
    disc: 1,
    name: "Tongue",
    album: "Xen",
    artist: "Arca",
    path: "D:\\Music\\Arca\\Xen (Album)\\14 Tongue.flac",
    duration: 179.290566893s,
}
[gronk\src\app\queue.rs:180] i = 0
[gronk\src\app\queue.rs:180] s = Song {
    number: 15,
    disc: 1,
    name: "Promise",
    album: "Xen",
    artist: "Arca",
    path: "D:\\Music\\Arca\\Xen (Album)\\15 Promise.flac",
    duration: 172.203832199s,
}
[gronk\src\app\queue.rs:180] song = Song {
    number: 15,
    disc: 1,
    name: "Promise",
    album: "Xen",
    artist: "Arca",
    path: "D:\\Music\\Arca\\Xen (Album)\\15 Promise.flac",
    duration: 172.203832199s,
}
[gronk\src\app\queue.rs:180] i = 0
[gronk\src\app\queue.rs:180] s = Song {
    number: 1,
    disc: 1,
    name: "Now You Know",
    album: "Xen",
    artist: "Arca",
    path: "D:\\Music\\Arca\\Xen (Album)\\01 Now You Know.flac",
    duration: 238.329319727s,
}
[gronk\src\app\queue.rs:180] song = Song {
    number: 1,
    disc: 1,
    name: "Now You Know",
    album: "Xen",
    artist: "Arca",
    path: "D:\\Music\\Arca\\Xen (Album)\\01 Now You Know.flac",
    duration: 238.329319727s,
}
[gronk\src\app\queue.rs:180] i = 0
[gronk\src\app\queue.rs:180] s = Song {
    number: 13,
    disc: 1,
    name: "Bullet Chained",
    album: "Xen",
    artist: "Arca",
    path: "D:\\Music\\Arca\\Xen (Album)\\13 Bullet Chained.flac",
    duration: 171.714081632s,
}
[gronk\src\app\queue.rs:180] song = Song {
    number: 13,
    disc: 1,
    name: "Bullet Chained",
    album: "Xen",
    artist: "Arca",
    path: "D:\\Music\\Arca\\Xen (Album)\\13 Bullet Chained.flac",
    duration: 171.714081632s,
}
[gronk\src\app\queue.rs:180] i = 0
